2026-07-15 00:01:51 [HikariPool-1:housekeeper] WARN  com.zaxxer.hikari.pool.HikariPool - HikariPool-1 - Thread starvation or clock leap detected (housekeeper delta=5m26s678ms).
2026-07-15 00:08:22 [HikariPool-1:housekeeper] WARN  com.zaxxer.hikari.pool.HikariPool - HikariPool-1 - Thread starvation or clock leap detected (housekeeper delta=6m949ms).
2026-07-15 00:25:15 [HikariPool-1:housekeeper] WARN  com.zaxxer.hikari.pool.HikariPool - HikariPool-1 - Thread starvation or clock leap detected (housekeeper delta=16m53s406ms).
2026-07-15 00:26:46 [HikariPool-1:housekeeper] WARN  com.zaxxer.hikari.pool.HikariPool - HikariPool-1 - Thread starvation or clock leap detected (housekeeper delta=1m30s923ms).
2026-07-15 00:35:08 [HikariPool-1:housekeeper] WARN  com.zaxxer.hikari.pool.HikariPool - HikariPool-1 - Thread starvation or clock leap detected (housekeeper delta=7m52s320ms).
2026-07-15 00:35:09 [scheduling-1] INFO  c.l.c.scheduler.ProtectionScheduler - Task reminder scheduler triggered
2026-07-15 00:45:33 [HikariPool-1:housekeeper] WARN  com.zaxxer.hikari.pool.HikariPool - HikariPool-1 - Thread starvation or clock leap detected (housekeeper delta=9m54s843ms).
2026-07-15 00:49:32 [HikariPool-1:housekeeper] WARN  com.zaxxer.hikari.pool.HikariPool - HikariPool-1 - Thread starvation or clock leap detected (housekeeper delta=3m59s228ms).
2026-07-15 01:07:38 [HikariPool-1:housekeeper] WARN  com.zaxxer.hikari.pool.HikariPool - HikariPool-1 - Thread starvation or clock leap detected (housekeeper delta=17m4s501ms).
2026-07-15 01:14:50 [HikariPool-1:housekeeper] WARN  com.zaxxer.hikari.pool.HikariPool - HikariPool-1 - Thread starvation or clock leap detected (housekeeper delta=7m11s764ms).
2026-07-15 01:28:43 [HikariPool-1:housekeeper] WARN  com.zaxxer.hikari.pool.HikariPool - HikariPool-1 - Thread starvation or clock leap detected (housekeeper delta=13m23s515ms).
2026-07-15 01:45:42 [HikariPool-1:housekeeper] WARN  com.zaxxer.hikari.pool.HikariPool - HikariPool-1 - Thread starvation or clock leap detected (housekeeper delta=16m58s854ms).
2026-07-15 01:45:43 [scheduling-1] INFO  c.l.c.scheduler.ProtectionScheduler - Task reminder scheduler triggered
2026-07-15 02:02:42 [HikariPool-1:housekeeper] WARN  com.zaxxer.hikari.pool.HikariPool - HikariPool-1 - Thread starvation or clock leap detected (housekeeper delta=16m29s539ms).
2026-07-15 02:18:39 [HikariPool-1:housekeeper] WARN  com.zaxxer.hikari.pool.PoolBase - HikariPool-1 - Failed to validate connection org.postgresql.jdbc.PgConnection@4ace7760 (This connection has been closed.). Possibly consider using a shorter maxLifetime value.
2026-07-15 02:18:42 [HikariPool-1:housekeeper] WARN  com.zaxxer.hikari.pool.HikariPool - HikariPool-1 - Thread starvation or clock leap detected (housekeeper delta=16m530ms).
2026-07-15 02:29:29 [HikariPool-1:housekeeper] WARN  com.zaxxer.hikari.pool.PoolBase - HikariPool-1 - Failed to validate connection org.postgresql.jdbc.PgConnection@da7a6ab (This connection has been closed.). Possibly consider using a shorter maxLifetime value.
2026-07-15 02:29:38 [HikariPool-1:housekeeper] WARN  com.zaxxer.hikari.pool.PoolBase - HikariPool-1 - Failed to validate connection org.postgresql.jdbc.PgConnection@7dd82806 (This connection has been closed.). Possibly consider using a shorter maxLifetime value.
2026-07-15 02:29:49 [HikariPool-1:housekeeper] WARN  com.zaxxer.hikari.pool.HikariPool - HikariPool-1 - Thread starvation or clock leap detected (housekeeper delta=11m6s411ms).
2026-07-15 02:45:33 [HikariPool-1:housekeeper] WARN  com.zaxxer.hikari.pool.HikariPool - HikariPool-1 - Thread starvation or clock leap detected (housekeeper delta=15m44s805ms).
2026-07-15 03:00:03 [HikariPool-1:housekeeper] WARN  com.zaxxer.hikari.pool.HikariPool - HikariPool-1 - Thread starvation or clock leap detected (housekeeper delta=14m29s430ms).
2026-07-15 03:00:04 [HikariPool-1:housekeeper] WARN  com.zaxxer.hikari.pool.PoolBase - HikariPool-1 - Failed to validate connection org.postgresql.jdbc.PgConnection@e412627 (This connection has been closed.). Possibly consider using a shorter maxLifetime value.
2026-07-15 03:00:11 [HikariPool-1:housekeeper] WARN  com.zaxxer.hikari.pool.PoolBase - HikariPool-1 - Failed to validate connection org.postgresql.jdbc.PgConnection@5700002c (This connection has been closed.). Possibly consider using a shorter maxLifetime value.
2026-07-15 03:00:12 [HikariPool-1:housekeeper] WARN  com.zaxxer.hikari.pool.PoolBase - HikariPool-1 - Failed to validate connection org.postgresql.jdbc.PgConnection@74ddd993 (This connection has been closed.). Possibly consider using a shorter maxLifetime value.
2026-07-15 03:00:15 [HikariPool-1:housekeeper] WARN  com.zaxxer.hikari.pool.PoolBase - HikariPool-1 - Failed to validate connection org.postgresql.jdbc.PgConnection@3bdca463 (This connection has been closed.). Possibly consider using a shorter maxLifetime value.
2026-07-15 03:00:19 [HikariPool-1:housekeeper] WARN  com.zaxxer.hikari.pool.PoolBase - HikariPool-1 - Failed to validate connection org.postgresql.jdbc.PgConnection@6c0ac254 (This connection has been closed.). Possibly consider using a shorter maxLifetime value.
2026-07-15 03:00:24 [HikariPool-1:housekeeper] WARN  com.zaxxer.hikari.pool.PoolBase - HikariPool-1 - Failed to validate connection org.postgresql.jdbc.PgConnection@4ac86acb (This connection has been closed.). Possibly consider using a shorter maxLifetime value.
2026-07-15 03:14:16 [HikariPool-1:housekeeper] WARN  com.zaxxer.hikari.pool.HikariPool - HikariPool-1 - Thread starvation or clock leap detected (housekeeper delta=13m43s430ms).
2026-07-15 03:16:44 [HikariPool-1:housekeeper] WARN  com.zaxxer.hikari.pool.HikariPool - HikariPool-1 - Thread starvation or clock leap detected (housekeeper delta=1m57s320ms).
2026-07-15 03:16:44 [scheduling-1] INFO  c.l.c.scheduler.ProtectionScheduler - Task reminder scheduler triggered
2026-07-15 03:21:44 [scheduling-1] INFO  c.l.c.scheduler.ProtectionScheduler - Task reminder scheduler triggered
2026-07-15 03:26:44 [scheduling-1] INFO  c.l.c.scheduler.ProtectionScheduler - Task reminder scheduler triggered
2026-07-15 03:31:44 [scheduling-1] INFO  c.l.c.scheduler.ProtectionScheduler - Task reminder scheduler triggered
2026-07-15 03:36:44 [scheduling-1] INFO  c.l.c.scheduler.ProtectionScheduler - Task reminder scheduler triggered
2026-07-15 03:41:44 [scheduling-1] INFO  c.l.c.scheduler.ProtectionScheduler - Task reminder scheduler triggered
2026-07-15 03:46:44 [scheduling-1] INFO  c.l.c.scheduler.ProtectionScheduler - Task reminder scheduler triggered
2026-07-15 03:51:44 [scheduling-1] INFO  c.l.c.scheduler.ProtectionScheduler - Task reminder scheduler triggered
2026-07-15 04:10:36 [HikariPool-1:housekeeper] WARN  com.zaxxer.hikari.pool.HikariPool - HikariPool-1 - Thread starvation or clock leap detected (housekeeper delta=17m22s286ms).
2026-07-15 04:27:51 [HikariPool-1:housekeeper] WARN  com.zaxxer.hikari.pool.HikariPool - HikariPool-1 - Thread starvation or clock leap detected (housekeeper delta=17m15s196ms).
2026-07-15 04:31:19 [HikariPool-1:housekeeper] WARN  com.zaxxer.hikari.pool.HikariPool - HikariPool-1 - Thread starvation or clock leap detected (housekeeper delta=3m27s888ms).
2026-07-15 04:49:08 [HikariPool-1:housekeeper] WARN  com.zaxxer.hikari.pool.HikariPool - HikariPool-1 - Thread starvation or clock leap detected (housekeeper delta=17m18s309ms).
2026-07-15 05:05:28 [HikariPool-1:housekeeper] WARN  com.zaxxer.hikari.pool.HikariPool - HikariPool-1 - Thread starvation or clock leap detected (housekeeper delta=16m20s239ms).
2026-07-15 05:21:46 [HikariPool-1:housekeeper] WARN  com.zaxxer.hikari.pool.HikariPool - HikariPool-1 - Thread starvation or clock leap detected (housekeeper delta=16m18s667ms).
2026-07-15 05:21:47 [scheduling-1] INFO  c.l.c.scheduler.ProtectionScheduler - Task reminder scheduler triggered
2026-07-15 05:21:50 [HikariPool-1:housekeeper] WARN  com.zaxxer.hikari.pool.PoolBase - HikariPool-1 - Failed to validate connection org.postgresql.jdbc.PgConnection@5e68b892 (This connection has been closed.). Possibly consider using a shorter maxLifetime value.
2026-07-15 05:21:52 [HikariPool-1:housekeeper] WARN  com.zaxxer.hikari.pool.PoolBase - HikariPool-1 - Failed to validate connection org.postgresql.jdbc.PgConnection@68c57036 (This connection has been closed.). Possibly consider using a shorter maxLifetime value.
2026-07-15 05:38:38 [HikariPool-1:housekeeper] WARN  com.zaxxer.hikari.pool.HikariPool - HikariPool-1 - Thread starvation or clock leap detected (housekeeper delta=16m21s249ms).
2026-07-15 05:44:14 [HikariPool-1:housekeeper] WARN  com.zaxxer.hikari.pool.PoolBase - HikariPool-1 - Failed to validate connection org.postgresql.jdbc.PgConnection@6ab24228 (This connection has been closed.). Possibly consider using a shorter maxLifetime value.
2026-07-15 05:44:14 [HikariPool-1:housekeeper] WARN  com.zaxxer.hikari.pool.HikariPool - HikariPool-1 - Thread starvation or clock leap detected (housekeeper delta=5m36s525ms).
2026-07-15 05:44:25 [HikariPool-1:housekeeper] WARN  com.zaxxer.hikari.pool.PoolBase - HikariPool-1 - Failed to validate connection org.postgresql.jdbc.PgConnection@590b6a9a (This connection has been closed.). Possibly consider using a shorter maxLifetime value.
2026-07-15 05:44:35 [HikariPool-1:housekeeper] WARN  com.zaxxer.hikari.pool.PoolBase - HikariPool-1 - Failed to validate connection org.postgresql.jdbc.PgConnection@62d74726 (This connection has been closed.). Possibly consider using a shorter maxLifetime value.
2026-07-15 05:44:45 [HikariPool-1:housekeeper] WARN  com.zaxxer.hikari.pool.PoolBase - HikariPool-1 - Failed to validate connection org.postgresql.jdbc.PgConnection@3f0e09d9 (This connection has been closed.). Possibly consider using a shorter maxLifetime value.
2026-07-15 05:54:22 [HikariPool-1:housekeeper] WARN  com.zaxxer.hikari.pool.PoolBase - HikariPool-1 - Failed to validate connection org.postgresql.jdbc.PgConnection@1ae3b4f3 (This connection has been closed.). Possibly consider using a shorter maxLifetime value.
2026-07-15 05:54:32 [HikariPool-1:housekeeper] WARN  com.zaxxer.hikari.pool.PoolBase - HikariPool-1 - Failed to validate connection org.postgresql.jdbc.PgConnection@77c7db0e (This connection has been closed.). Possibly consider using a shorter maxLifetime value.
2026-07-15 05:54:42 [HikariPool-1:housekeeper] WARN  com.zaxxer.hikari.pool.PoolBase - HikariPool-1 - Failed to validate connection org.postgresql.jdbc.PgConnection@1b95313e (This connection has been closed.). Possibly consider using a shorter maxLifetime value.
2026-07-15 05:54:42 [HikariPool-1:housekeeper] WARN  com.zaxxer.hikari.pool.HikariPool - HikariPool-1 - Thread starvation or clock leap detected (housekeeper delta=10m27s640ms).
2026-07-15 05:54:52 [HikariPool-1:housekeeper] WARN  com.zaxxer.hikari.pool.PoolBase - HikariPool-1 - Failed to validate connection org.postgresql.jdbc.PgConnection@28190fea (This connection has been closed.). Possibly consider using a shorter maxLifetime value.
2026-07-15 05:55:02 [HikariPool-1:housekeeper] WARN  com.zaxxer.hikari.pool.PoolBase - HikariPool-1 - Failed to validate connection org.postgresql.jdbc.PgConnection@349cc0a9 (This connection has been closed.). Possibly consider using a shorter maxLifetime value.
2026-07-15 06:12:42 [HikariPool-1:housekeeper] WARN  com.zaxxer.hikari.pool.PoolBase - HikariPool-1 - Failed to validate connection org.postgresql.jdbc.PgConnection@487209f0 (This connection has been closed.). Possibly consider using a shorter maxLifetime value.
2026-07-15 06:12:50 [HikariPool-1:housekeeper] WARN  com.zaxxer.hikari.pool.HikariPool - HikariPool-1 - Thread starvation or clock leap detected (housekeeper delta=18m7s836ms).
2026-07-15 06:20:25 [HikariPool-1:housekeeper] WARN  com.zaxxer.hikari.pool.HikariPool - HikariPool-1 - Thread starvation or clock leap detected (housekeeper delta=7m35s710ms).
2026-07-15 06:21:58 [HikariPool-1:housekeeper] WARN  com.zaxxer.hikari.pool.HikariPool - HikariPool-1 - Thread starvation or clock leap detected (housekeeper delta=1m2s305ms).
2026-07-15 06:22:15 [scheduling-1] INFO  c.l.c.scheduler.ProtectionScheduler - Task reminder scheduler triggered
2026-07-15 06:28:26 [HikariPool-1:housekeeper] WARN  com.zaxxer.hikari.pool.HikariPool - HikariPool-1 - Thread starvation or clock leap detected (housekeeper delta=6m28s526ms).
2026-07-15 06:44:25 [HikariPool-1:housekeeper] WARN  com.zaxxer.hikari.pool.HikariPool - HikariPool-1 - Thread starvation or clock leap detected (housekeeper delta=15m28s320ms).
2026-07-15 06:55:28 [HikariPool-1:housekeeper] WARN  com.zaxxer.hikari.pool.HikariPool - HikariPool-1 - Thread starvation or clock leap detected (housekeeper delta=11m3s505ms).
2026-07-15 07:12:09 [HikariPool-1:housekeeper] WARN  com.zaxxer.hikari.pool.PoolBase - HikariPool-1 - Failed to validate connection org.postgresql.jdbc.PgConnection@5e3a53f3 (This connection has been closed.). Possibly consider using a shorter maxLifetime value.
2026-07-15 07:12:09 [HikariPool-1:housekeeper] WARN  com.zaxxer.hikari.pool.PoolBase - HikariPool-1 - Failed to validate connection org.postgresql.jdbc.PgConnection@526fb3d (This connection has been closed.). Possibly consider using a shorter maxLifetime value.
2026-07-15 07:12:10 [HikariPool-1:housekeeper] WARN  com.zaxxer.hikari.pool.PoolBase - HikariPool-1 - Failed to validate connection org.postgresql.jdbc.PgConnection@5d435fe0 (This connection has been closed.). Possibly consider using a shorter maxLifetime value.
2026-07-15 07:12:29 [HikariPool-1:housekeeper] WARN  com.zaxxer.hikari.pool.HikariPool - HikariPool-1 - Thread starvation or clock leap detected (housekeeper delta=16m31s320ms).
2026-07-15 07:12:44 [HikariPool-1:housekeeper] WARN  com.zaxxer.hikari.pool.PoolBase - HikariPool-1 - Failed to validate connection org.postgresql.jdbc.PgConnection@516a2a70 (This connection has been closed.). Possibly consider using a shorter maxLifetime value.
2026-07-15 07:19:13 [HikariPool-1:housekeeper] WARN  com.zaxxer.hikari.pool.HikariPool - HikariPool-1 - Thread starvation or clock leap detected (housekeeper delta=6m43s356ms).
2026-07-15 07:36:58 [HikariPool-1:housekeeper] WARN  com.zaxxer.hikari.pool.HikariPool - HikariPool-1 - Thread starvation or clock leap detected (housekeeper delta=17m14s747ms).
2026-07-15 07:44:37 [HikariPool-1:housekeeper] WARN  com.zaxxer.hikari.pool.HikariPool - HikariPool-1 - Thread starvation or clock leap detected (housekeeper delta=7m39s461ms).
2026-07-15 07:44:50 [HikariPool-1:housekeeper] WARN  com.zaxxer.hikari.pool.PoolBase - HikariPool-1 - Failed to validate connection org.postgresql.jdbc.PgConnection@65188e6d (This connection has been closed.). Possibly consider using a shorter maxLifetime value.
2026-07-15 07:44:55 [scheduling-1] INFO  c.l.c.scheduler.ProtectionScheduler - Task reminder scheduler triggered
2026-07-15 07:56:27 [HikariPool-1:housekeeper] WARN  com.zaxxer.hikari.pool.PoolBase - HikariPool-1 - Failed to validate connection org.postgresql.jdbc.PgConnection@225ae6e7 (This connection has been closed.). Possibly consider using a shorter maxLifetime value.
2026-07-15 07:56:27 [HikariPool-1:housekeeper] WARN  com.zaxxer.hikari.pool.HikariPool - HikariPool-1 - Thread starvation or clock leap detected (housekeeper delta=11m49s924ms).
2026-07-15 07:56:43 [HikariPool-1:housekeeper] WARN  com.zaxxer.hikari.pool.PoolBase - HikariPool-1 - Failed to validate connection org.postgresql.jdbc.PgConnection@7f7cc468 (This connection has been closed.). Possibly consider using a shorter maxLifetime value.
2026-07-15 07:56:53 [HikariPool-1:housekeeper] WARN  com.zaxxer.hikari.pool.PoolBase - HikariPool-1 - Failed to validate connection org.postgresql.jdbc.PgConnection@33b5e1f3 (This connection has been closed.). Possibly consider using a shorter maxLifetime value.
2026-07-15 07:57:03 [HikariPool-1:housekeeper] WARN  com.zaxxer.hikari.pool.PoolBase - HikariPool-1 - Failed to validate connection org.postgresql.jdbc.PgConnection@4638ea59 (This connection has been closed.). Possibly consider using a shorter maxLifetime value.
2026-07-15 08:15:07 [HikariPool-1:housekeeper] WARN  com.zaxxer.hikari.pool.PoolBase - HikariPool-1 - Failed to validate connection org.postgresql.jdbc.PgConnection@76cf73f4 (This connection has been closed.). Possibly consider using a shorter maxLifetime value.
2026-07-15 08:15:17 [HikariPool-1:housekeeper] WARN  com.zaxxer.hikari.pool.PoolBase - HikariPool-1 - Failed to validate connection org.postgresql.jdbc.PgConnection@59a6e86f (This connection has been closed.). Possibly consider using a shorter maxLifetime value.
2026-07-15 08:15:27 [HikariPool-1:housekeeper] WARN  com.zaxxer.hikari.pool.PoolBase - HikariPool-1 - Failed to validate connection org.postgresql.jdbc.PgConnection@73dc4aba (This connection has been closed.). Possibly consider using a shorter maxLifetime value.
2026-07-15 08:31:36 [HikariPool-1:housekeeper] WARN  com.zaxxer.hikari.pool.PoolBase - HikariPool-1 - Failed to validate connection org.postgresql.jdbc.PgConnection@2877efaf (This connection has been closed.). Possibly consider using a shorter maxLifetime value.
2026-07-15 08:31:36 [HikariPool-1:housekeeper] WARN  com.zaxxer.hikari.pool.HikariPool - HikariPool-1 - Thread starvation or clock leap detected (housekeeper delta=35m9s293ms).
2026-07-15 08:31:46 [HikariPool-1:housekeeper] WARN  com.zaxxer.hikari.pool.PoolBase - HikariPool-1 - Failed to validate connection org.postgresql.jdbc.PgConnection@6be664b4 (This connection has been closed.). Possibly consider using a shorter maxLifetime value.
2026-07-15 08:49:52 [HikariPool-1:housekeeper] WARN  com.zaxxer.hikari.pool.PoolBase - HikariPool-1 - Failed to validate connection org.postgresql.jdbc.PgConnection@78a16ca (This connection has been closed.). Possibly consider using a shorter maxLifetime value.
2026-07-15 08:50:05 [HikariPool-1:housekeeper] WARN  com.zaxxer.hikari.pool.HikariPool - HikariPool-1 - Thread starvation or clock leap detected (housekeeper delta=17m58s493ms).
2026-07-15 08:57:22 [HikariPool-1:housekeeper] WARN  com.zaxxer.hikari.pool.PoolBase - HikariPool-1 - Failed to validate connection org.postgresql.jdbc.PgConnection@7568184e (This connection has been closed.). Possibly consider using a shorter maxLifetime value.
2026-07-15 08:57:30 [HikariPool-1:housekeeper] WARN  com.zaxxer.hikari.pool.PoolBase - HikariPool-1 - Failed to validate connection org.postgresql.jdbc.PgConnection@1fcde29 (This connection has been closed.). Possibly consider using a shorter maxLifetime value.
2026-07-15 08:57:32 [HikariPool-1:housekeeper] WARN  com.zaxxer.hikari.pool.PoolBase - HikariPool-1 - Failed to validate connection org.postgresql.jdbc.PgConnection@171b7b7 (This connection has been closed.). Possibly consider using a shorter maxLifetime value.
2026-07-15 08:57:43 [HikariPool-1:housekeeper] WARN  com.zaxxer.hikari.pool.HikariPool - HikariPool-1 - Thread starvation or clock leap detected (housekeeper delta=7m38s481ms).
2026-07-15 09:15:14 [HikariPool-1:housekeeper] WARN  com.zaxxer.hikari.pool.PoolBase - HikariPool-1 - Failed to validate connection org.postgresql.jdbc.PgConnection@6a7e45f8 (This connection has been closed.). Possibly consider using a shorter maxLifetime value.
2026-07-15 09:15:19 [HikariPool-1:housekeeper] WARN  com.zaxxer.hikari.pool.PoolBase - HikariPool-1 - Failed to validate connection org.postgresql.jdbc.PgConnection@4aa5a7a5 (This connection has been closed.). Possibly consider using a shorter maxLifetime value.
2026-07-15 09:15:22 [HikariPool-1:housekeeper] WARN  com.zaxxer.hikari.pool.HikariPool - HikariPool-1 - Thread starvation or clock leap detected (housekeeper delta=17m38s820ms).
2026-07-15 09:33:42 [HikariPool-1:housekeeper] WARN  com.zaxxer.hikari.pool.HikariPool - HikariPool-1 - Thread starvation or clock leap detected (housekeeper delta=18m20s413ms).
2026-07-15 09:33:45 [HikariPool-1:housekeeper] WARN  com.zaxxer.hikari.pool.PoolBase - HikariPool-1 - Failed to validate connection org.postgresql.jdbc.PgConnection@46e56d49 (This connection has been closed.). Possibly consider using a shorter maxLifetime value.
2026-07-15 09:33:58 [HikariPool-1:housekeeper] WARN  com.zaxxer.hikari.pool.PoolBase - HikariPool-1 - Failed to validate connection org.postgresql.jdbc.PgConnection@758bb5b6 (This connection has been closed.). Possibly consider using a shorter maxLifetime value.
2026-07-15 09:51:13 [HikariPool-1:housekeeper] WARN  com.zaxxer.hikari.pool.HikariPool - HikariPool-1 - Thread starvation or clock leap detected (housekeeper delta=17m30s259ms).
2026-07-15 09:51:33 [HikariPool-1:housekeeper] WARN  com.zaxxer.hikari.pool.PoolBase - HikariPool-1 - Failed to validate connection org.postgresql.jdbc.PgConnection@7f16040f (This connection has been closed.). Possibly consider using a shorter maxLifetime value.
2026-07-15 09:51:35 [scheduling-1] INFO  c.l.c.scheduler.ProtectionScheduler - Task reminder scheduler triggered
2026-07-15 09:58:18 [HikariPool-1:housekeeper] WARN  com.zaxxer.hikari.pool.HikariPool - HikariPool-1 - Thread starvation or clock leap detected (housekeeper delta=7m5s390ms).
2026-07-15 09:58:27 [HikariPool-1:housekeeper] WARN  com.zaxxer.hikari.pool.PoolBase - HikariPool-1 - Failed to validate connection org.postgresql.jdbc.PgConnection@6c0072d6 (This connection has been closed.). Possibly consider using a shorter maxLifetime value.
2026-07-15 09:58:28 [HikariPool-1:housekeeper] WARN  com.zaxxer.hikari.pool.PoolBase - HikariPool-1 - Failed to validate connection org.postgresql.jdbc.PgConnection@14dbffb8 (This connection has been closed.). Possibly consider using a shorter maxLifetime value.
2026-07-15 10:14:43 [HikariPool-1:housekeeper] WARN  com.zaxxer.hikari.pool.PoolBase - HikariPool-1 - Failed to validate connection org.postgresql.jdbc.PgConnection@222c55be (This connection has been closed.). Possibly consider using a shorter maxLifetime value.
2026-07-15 10:14:44 [HikariPool-1:housekeeper] WARN  com.zaxxer.hikari.pool.PoolBase - HikariPool-1 - Failed to validate connection org.postgresql.jdbc.PgConnection@3cc8dbc (This connection has been closed.). Possibly consider using a shorter maxLifetime value.
2026-07-15 10:14:49 [HikariPool-1:housekeeper] WARN  com.zaxxer.hikari.pool.HikariPool - HikariPool-1 - Thread starvation or clock leap detected (housekeeper delta=16m833ms).
2026-07-15 10:14:52 [HikariPool-1:housekeeper] WARN  com.zaxxer.hikari.pool.PoolBase - HikariPool-1 - Failed to validate connection org.postgresql.jdbc.PgConnection@48a19442 (This connection has been closed.). Possibly consider using a shorter maxLifetime value.
2026-07-15 10:15:13 [HikariPool-1:housekeeper] WARN  com.zaxxer.hikari.pool.PoolBase - HikariPool-1 - Failed to validate connection org.postgresql.jdbc.PgConnection@6dffbfd3 (This connection has been closed.). Possibly consider using a shorter maxLifetime value.
2026-07-15 10:15:35 [HikariPool-1:housekeeper] WARN  com.zaxxer.hikari.pool.PoolBase - HikariPool-1 - Failed to validate connection org.postgresql.jdbc.PgConnection@4e7ef83c (This connection has been closed.). Possibly consider using a shorter maxLifetime value.
2026-07-15 10:15:46 [HikariPool-1:housekeeper] WARN  com.zaxxer.hikari.pool.PoolBase - HikariPool-1 - Failed to validate connection org.postgresql.jdbc.PgConnection@53c834e0 (This connection has been closed.). Possibly consider using a shorter maxLifetime value.
2026-07-15 10:15:56 [HikariPool-1:housekeeper] WARN  com.zaxxer.hikari.pool.PoolBase - HikariPool-1 - Failed to validate connection org.postgresql.jdbc.PgConnection@2b4351de (This connection has been closed.). Possibly consider using a shorter maxLifetime value.
2026-07-15 10:31:55 [HikariPool-1:housekeeper] WARN  com.zaxxer.hikari.pool.PoolBase - HikariPool-1 - Failed to validate connection org.postgresql.jdbc.PgConnection@32bf7377 (This connection has been closed.). Possibly consider using a shorter maxLifetime value.
2026-07-15 10:32:26 [HikariPool-1:housekeeper] WARN  com.zaxxer.hikari.pool.PoolBase - HikariPool-1 - Failed to validate connection org.postgresql.jdbc.PgConnection@3e1e9ce5 (This connection has been closed.). Possibly consider using a shorter maxLifetime value.
2026-07-15 10:32:26 [HikariPool-1:housekeeper] WARN  com.zaxxer.hikari.pool.HikariPool - HikariPool-1 - Thread starvation or clock leap detected (housekeeper delta=16m29s839ms).
2026-07-15 10:32:37 [HikariPool-1:housekeeper] WARN  com.zaxxer.hikari.pool.PoolBase - HikariPool-1 - Failed to validate connection org.postgresql.jdbc.PgConnection@46e5a634 (This connection has been closed.). Possibly consider using a shorter maxLifetime value.
2026-07-15 10:32:47 [HikariPool-1:housekeeper] WARN  com.zaxxer.hikari.pool.PoolBase - HikariPool-1 - Failed to validate connection org.postgresql.jdbc.PgConnection@1427c0dc (This connection has been closed.). Possibly consider using a shorter maxLifetime value.
2026-07-15 10:32:59 [HikariPool-1:housekeeper] WARN  com.zaxxer.hikari.pool.PoolBase - HikariPool-1 - Failed to validate connection org.postgresql.jdbc.PgConnection@321e50a7 (This connection has been closed.). Possibly consider using a shorter maxLifetime value.
2026-07-15 10:33:12 [HikariPool-1:housekeeper] WARN  com.zaxxer.hikari.pool.PoolBase - HikariPool-1 - Failed to validate connection org.postgresql.jdbc.PgConnection@62c91621 (This connection has been closed.). Possibly consider using a shorter maxLifetime value.
2026-07-15 10:33:12 [HikariPool-1:housekeeper] WARN  com.zaxxer.hikari.pool.HikariPool - HikariPool-1 - Thread starvation or clock leap detected (housekeeper delta=45s817ms).
2026-07-15 10:33:14 [HikariPool-1:connection-adder] WARN  com.zaxxer.hikari.pool.PoolBase - HikariPool-1 - Pool is empty, failed to create/setup connection (1b0f9049-d21a-4c24-a4fa-dac050a12f9c)
org.postgresql.util.PSQLException: The connection attempt failed.
	at org.postgresql.core.v3.ConnectionFactoryImpl.openConnectionImpl(ConnectionFactoryImpl.java:385)
	at org.postgresql.core.ConnectionFactory.openConnection(ConnectionFactory.java:57)
	at org.postgresql.jdbc.PgConnection.<init>(PgConnection.java:290)
	at org.postgresql.Driver.makeConnection(Driver.java:448)
	at org.postgresql.Driver.connect(Driver.java:298)
	at com.zaxxer.hikari.util.DriverDataSource.getConnection(DriverDataSource.java:144)
	at com.zaxxer.hikari.pool.PoolBase.newConnection(PoolBase.java:373)
	at com.zaxxer.hikari.pool.PoolBase.newPoolEntry(PoolBase.java:210)
	at com.zaxxer.hikari.pool.HikariPool.createPoolEntry(HikariPool.java:488)
	at com.zaxxer.hikari.pool.HikariPool$PoolEntryCreator.call(HikariPool.java:752)
	at com.zaxxer.hikari.pool.HikariPool$PoolEntryCreator.call(HikariPool.java:731)
	at java.base/java.util.concurrent.FutureTask.run(FutureTask.java:330)
	at java.base/java.util.concurrent.ThreadPoolExecutor.runWorker(ThreadPoolExecutor.java:1090)
	at java.base/java.util.concurrent.ThreadPoolExecutor$Worker.run(ThreadPoolExecutor.java:614)
	at java.base/java.lang.Thread.run(Thread.java:1516)
Caused by: java.net.NoRouteToHostException: No route to host
	at java.base/sun.nio.ch.Net.connect0(Native Method)
	at java.base/sun.nio.ch.Net.connect(Net.java:549)
	at java.base/sun.nio.ch.Net.connect(Net.java:538)
	at java.base/sun.nio.ch.NioSocketImpl.connect(NioSocketImpl.java:590)
	at java.base/java.net.SocksSocketImpl.connect(SocksSocketImpl.java:284)
	at java.base/java.net.Socket.connect(Socket.java:668)
	at org.postgresql.core.PGStream.createSocket(PGStream.java:261)
	at org.postgresql.core.PGStream.<init>(PGStream.java:122)
	at org.postgresql.core.v3.ConnectionFactoryImpl.tryConnect(ConnectionFactoryImpl.java:146)
	at org.postgresql.core.v3.ConnectionFactoryImpl.openConnectionImpl(ConnectionFactoryImpl.java:289)
	... 14 common frames omitted
