2026-04-15 04:20:07 [HikariPool-1:housekeeper] WARN  com.zaxxer.hikari.pool.HikariPool - HikariPool-1 - Thread starvation or clock leap detected (housekeeper delta=1d4h12m58s969ms461µs900ns).
2026-04-15 04:20:07 [HikariPool-1:housekeeper] WARN  com.zaxxer.hikari.pool.PoolBase - HikariPool-1 - Failed to validate connection org.postgresql.jdbc.PgConnection@3783ccda (This connection has been closed.). Possibly consider using a shorter maxLifetime value.
2026-04-15 04:20:07 [HikariPool-1:housekeeper] WARN  com.zaxxer.hikari.pool.PoolBase - HikariPool-1 - Failed to validate connection org.postgresql.jdbc.PgConnection@2f022dd (This connection has been closed.). Possibly consider using a shorter maxLifetime value.
2026-04-15 04:20:07 [HikariPool-1:housekeeper] WARN  com.zaxxer.hikari.pool.PoolBase - HikariPool-1 - Failed to validate connection org.postgresql.jdbc.PgConnection@154fb947 (This connection has been closed.). Possibly consider using a shorter maxLifetime value.
2026-04-15 04:20:07 [HikariPool-1:housekeeper] WARN  com.zaxxer.hikari.pool.PoolBase - HikariPool-1 - Failed to validate connection org.postgresql.jdbc.PgConnection@3c835228 (This connection has been closed.). Possibly consider using a shorter maxLifetime value.
2026-04-15 04:20:07 [HikariPool-1:housekeeper] WARN  com.zaxxer.hikari.pool.PoolBase - HikariPool-1 - Failed to validate connection org.postgresql.jdbc.PgConnection@183919c (This connection has been closed.). Possibly consider using a shorter maxLifetime value.
2026-04-15 04:20:07 [HikariPool-1:housekeeper] WARN  com.zaxxer.hikari.pool.PoolBase - HikariPool-1 - Failed to validate connection org.postgresql.jdbc.PgConnection@2e6bdbb (This connection has been closed.). Possibly consider using a shorter maxLifetime value.
2026-04-15 04:20:07 [HikariPool-1:housekeeper] WARN  com.zaxxer.hikari.pool.PoolBase - HikariPool-1 - Failed to validate connection org.postgresql.jdbc.PgConnection@6a8ba921 (This connection has been closed.). Possibly consider using a shorter maxLifetime value.
2026-04-15 04:23:20 [HikariPool-1:housekeeper] WARN  com.zaxxer.hikari.pool.PoolBase - HikariPool-1 - Failed to validate connection org.postgresql.jdbc.PgConnection@4c3fa44a (This connection has been closed.). Possibly consider using a shorter maxLifetime value.
2026-04-15 04:23:28 [HikariPool-1:housekeeper] WARN  com.zaxxer.hikari.pool.PoolBase - HikariPool-1 - Failed to validate connection org.postgresql.jdbc.PgConnection@6691b7db (This connection has been closed.). Possibly consider using a shorter maxLifetime value.
2026-04-15 04:23:31 [HikariPool-1:housekeeper] WARN  com.zaxxer.hikari.pool.PoolBase - HikariPool-1 - Failed to validate connection org.postgresql.jdbc.PgConnection@60483b1b (This connection has been closed.). Possibly consider using a shorter maxLifetime value.
2026-04-15 04:23:31 [HikariPool-1:housekeeper] WARN  com.zaxxer.hikari.pool.PoolBase - HikariPool-1 - Failed to validate connection org.postgresql.jdbc.PgConnection@5fc3c0f1 (This connection has been closed.). Possibly consider using a shorter maxLifetime value.
2026-04-15 04:23:36 [HikariPool-1:housekeeper] WARN  com.zaxxer.hikari.pool.PoolBase - HikariPool-1 - Failed to validate connection org.postgresql.jdbc.PgConnection@34079bbd (This connection has been closed.). Possibly consider using a shorter maxLifetime value.
2026-04-15 04:23:39 [HikariPool-1:housekeeper] WARN  com.zaxxer.hikari.pool.PoolBase - HikariPool-1 - Failed to validate connection org.postgresql.jdbc.PgConnection@6261d6a6 (This connection has been closed.). Possibly consider using a shorter maxLifetime value.
2026-04-15 04:23:51 [HikariPool-1:housekeeper] WARN  com.zaxxer.hikari.pool.PoolBase - HikariPool-1 - Failed to validate connection org.postgresql.jdbc.PgConnection@23645653 (This connection has been closed.). Possibly consider using a shorter maxLifetime value.
2026-04-15 04:23:54 [HikariPool-1:housekeeper] WARN  com.zaxxer.hikari.pool.PoolBase - HikariPool-1 - Failed to validate connection org.postgresql.jdbc.PgConnection@6dc9ca2e (This connection has been closed.). Possibly consider using a shorter maxLifetime value.
2026-04-15 04:24:06 [HikariPool-1:housekeeper] WARN  com.zaxxer.hikari.pool.PoolBase - HikariPool-1 - Failed to validate connection org.postgresql.jdbc.PgConnection@171f5d7 (This connection has been closed.). Possibly consider using a shorter maxLifetime value.
2026-04-15 04:24:08 [HikariPool-1:housekeeper] WARN  com.zaxxer.hikari.pool.PoolBase - HikariPool-1 - Failed to validate connection org.postgresql.jdbc.PgConnection@1cd377f2 (This connection has been closed.). Possibly consider using a shorter maxLifetime value.
2026-04-15 04:27:13 [HikariPool-1:housekeeper] WARN  com.zaxxer.hikari.pool.PoolBase - HikariPool-1 - Failed to validate connection org.postgresql.jdbc.PgConnection@3f6846fc (This connection has been closed.). Possibly consider using a shorter maxLifetime value.
2026-04-15 04:27:20 [HikariPool-1:housekeeper] WARN  com.zaxxer.hikari.pool.PoolBase - HikariPool-1 - Failed to validate connection org.postgresql.jdbc.PgConnection@6c34505 (This connection has been closed.). Possibly consider using a shorter maxLifetime value.
2026-04-15 04:27:20 [HikariPool-1:housekeeper] WARN  com.zaxxer.hikari.pool.PoolBase - HikariPool-1 - Failed to validate connection org.postgresql.jdbc.PgConnection@7c0a37a7 (This connection has been closed.). Possibly consider using a shorter maxLifetime value.
2026-04-15 04:27:24 [HikariPool-1:housekeeper] WARN  com.zaxxer.hikari.pool.PoolBase - HikariPool-1 - Failed to validate connection org.postgresql.jdbc.PgConnection@3d08636 (This connection has been closed.). Possibly consider using a shorter maxLifetime value.
2026-04-15 04:27:27 [HikariPool-1:housekeeper] WARN  com.zaxxer.hikari.pool.PoolBase - HikariPool-1 - Failed to validate connection org.postgresql.jdbc.PgConnection@1fa71024 (This connection has been closed.). Possibly consider using a shorter maxLifetime value.
2026-04-15 04:27:30 [HikariPool-1:housekeeper] WARN  com.zaxxer.hikari.pool.PoolBase - HikariPool-1 - Failed to validate connection org.postgresql.jdbc.PgConnection@583ed386 (This connection has been closed.). Possibly consider using a shorter maxLifetime value.
2026-04-15 04:27:35 [HikariPool-1:housekeeper] WARN  com.zaxxer.hikari.pool.PoolBase - HikariPool-1 - Failed to validate connection org.postgresql.jdbc.PgConnection@75a47029 (This connection has been closed.). Possibly consider using a shorter maxLifetime value.
2026-04-15 04:27:40 [HikariPool-1:housekeeper] WARN  com.zaxxer.hikari.pool.PoolBase - HikariPool-1 - Failed to validate connection org.postgresql.jdbc.PgConnection@7242b99d (This connection has been closed.). Possibly consider using a shorter maxLifetime value.
2026-04-15 04:27:48 [HikariPool-1:housekeeper] WARN  com.zaxxer.hikari.pool.PoolBase - HikariPool-1 - Failed to validate connection org.postgresql.jdbc.PgConnection@7bcfea0c (This connection has been closed.). Possibly consider using a shorter maxLifetime value.
2026-04-15 04:28:02 [HikariPool-1:housekeeper] WARN  com.zaxxer.hikari.pool.PoolBase - HikariPool-1 - Failed to validate connection org.postgresql.jdbc.PgConnection@4a55320f (This connection has been closed.). Possibly consider using a shorter maxLifetime value.
2026-04-15 04:41:07 [HikariPool-1:housekeeper] WARN  com.zaxxer.hikari.pool.PoolBase - HikariPool-1 - Failed to validate connection org.postgresql.jdbc.PgConnection@64b4af1 (This connection has been closed.). Possibly consider using a shorter maxLifetime value.
2026-04-15 04:41:46 [HikariPool-1:housekeeper] WARN  com.zaxxer.hikari.pool.PoolBase - HikariPool-1 - Failed to validate connection org.postgresql.jdbc.PgConnection@2f586b4e (This connection has been closed.). Possibly consider using a shorter maxLifetime value.
2026-04-15 04:42:07 [HikariPool-1:housekeeper] WARN  com.zaxxer.hikari.pool.PoolBase - HikariPool-1 - Failed to validate connection org.postgresql.jdbc.PgConnection@73b1bbf2 (This connection has been closed.). Possibly consider using a shorter maxLifetime value.
2026-04-15 04:42:12 [HikariPool-1:housekeeper] WARN  com.zaxxer.hikari.pool.PoolBase - HikariPool-1 - Failed to validate connection org.postgresql.jdbc.PgConnection@24766a1b (This connection has been closed.). Possibly consider using a shorter maxLifetime value.
2026-04-15 04:42:12 [HikariPool-1:housekeeper] WARN  com.zaxxer.hikari.pool.PoolBase - HikariPool-1 - Failed to validate connection org.postgresql.jdbc.PgConnection@a296b2 (This connection has been closed.). Possibly consider using a shorter maxLifetime value.
2026-04-15 04:42:13 [HikariPool-1:housekeeper] WARN  com.zaxxer.hikari.pool.PoolBase - HikariPool-1 - Failed to validate connection org.postgresql.jdbc.PgConnection@7e32d37f (This connection has been closed.). Possibly consider using a shorter maxLifetime value.
2026-04-15 04:42:26 [HikariPool-1:housekeeper] WARN  com.zaxxer.hikari.pool.PoolBase - HikariPool-1 - Failed to validate connection org.postgresql.jdbc.PgConnection@75f38466 (This connection has been closed.). Possibly consider using a shorter maxLifetime value.
2026-04-15 04:42:32 [HikariPool-1:housekeeper] WARN  com.zaxxer.hikari.pool.PoolBase - HikariPool-1 - Failed to validate connection org.postgresql.jdbc.PgConnection@7641138d (This connection has been closed.). Possibly consider using a shorter maxLifetime value.
2026-04-15 04:42:36 [HikariPool-1:housekeeper] WARN  com.zaxxer.hikari.pool.PoolBase - HikariPool-1 - Failed to validate connection org.postgresql.jdbc.PgConnection@7739f813 (This connection has been closed.). Possibly consider using a shorter maxLifetime value.
2026-04-15 04:42:48 [HikariPool-1:housekeeper] WARN  com.zaxxer.hikari.pool.PoolBase - HikariPool-1 - Failed to validate connection org.postgresql.jdbc.PgConnection@57a4103 (This connection has been closed.). Possibly consider using a shorter maxLifetime value.
2026-04-15 04:43:50 [HikariPool-1:housekeeper] WARN  com.zaxxer.hikari.pool.PoolBase - HikariPool-1 - Failed to validate connection org.postgresql.jdbc.PgConnection@61bb8727 (This connection has been closed.). Possibly consider using a shorter maxLifetime value.
2026-04-15 04:43:50 [HikariPool-1:housekeeper] WARN  com.zaxxer.hikari.pool.HikariPool - HikariPool-1 - Thread starvation or clock leap detected (housekeeper delta=1m12s745ms43µs).
2026-04-15 04:43:50 [HikariPool-1:housekeeper] WARN  com.zaxxer.hikari.pool.PoolBase - HikariPool-1 - Failed to validate connection org.postgresql.jdbc.PgConnection@e5f2206 (This connection has been closed.). Possibly consider using a shorter maxLifetime value.
2026-04-15 04:43:50 [HikariPool-1:housekeeper] WARN  com.zaxxer.hikari.pool.PoolBase - HikariPool-1 - Failed to validate connection org.postgresql.jdbc.PgConnection@3a08f7a0 (This connection has been closed.). Possibly consider using a shorter maxLifetime value.
2026-04-15 04:43:51 [HikariPool-1:housekeeper] WARN  com.zaxxer.hikari.pool.PoolBase - HikariPool-1 - Failed to validate connection org.postgresql.jdbc.PgConnection@737dd79 (This connection has been closed.). Possibly consider using a shorter maxLifetime value.
2026-04-15 04:43:56 [HikariPool-1:housekeeper] WARN  com.zaxxer.hikari.pool.PoolBase - HikariPool-1 - Failed to validate connection org.postgresql.jdbc.PgConnection@e57bef6 (This connection has been closed.). Possibly consider using a shorter maxLifetime value.
2026-04-15 04:44:08 [HikariPool-1:housekeeper] WARN  com.zaxxer.hikari.pool.PoolBase - HikariPool-1 - Failed to validate connection org.postgresql.jdbc.PgConnection@4a7bf42 (This connection has been closed.). Possibly consider using a shorter maxLifetime value.
2026-04-15 04:56:13 [HikariPool-1:housekeeper] WARN  com.zaxxer.hikari.pool.PoolBase - HikariPool-1 - Failed to validate connection org.postgresql.jdbc.PgConnection@ed1cffa (This connection has been closed.). Possibly consider using a shorter maxLifetime value.
2026-04-15 04:56:13 [HikariPool-1:housekeeper] WARN  com.zaxxer.hikari.pool.PoolBase - HikariPool-1 - Failed to validate connection org.postgresql.jdbc.PgConnection@31cd7152 (This connection has been closed.). Possibly consider using a shorter maxLifetime value.
2026-04-15 05:13:01 [HikariPool-1:housekeeper] WARN  com.zaxxer.hikari.pool.HikariPool - HikariPool-1 - Thread starvation or clock leap detected (housekeeper delta=16m40s281ms427µs700ns).
2026-04-15 05:13:01 [HikariPool-1:housekeeper] WARN  com.zaxxer.hikari.pool.PoolBase - HikariPool-1 - Failed to validate connection org.postgresql.jdbc.PgConnection@1f14b677 (This connection has been closed.). Possibly consider using a shorter maxLifetime value.
2026-04-15 05:13:01 [HikariPool-1:housekeeper] WARN  com.zaxxer.hikari.pool.PoolBase - HikariPool-1 - Failed to validate connection org.postgresql.jdbc.PgConnection@5bc2e9ff (This connection has been closed.). Possibly consider using a shorter maxLifetime value.
2026-04-15 05:13:01 [HikariPool-1:housekeeper] WARN  com.zaxxer.hikari.pool.PoolBase - HikariPool-1 - Failed to validate connection org.postgresql.jdbc.PgConnection@15f4434 (This connection has been closed.). Possibly consider using a shorter maxLifetime value.
2026-04-15 05:13:01 [HikariPool-1:housekeeper] WARN  com.zaxxer.hikari.pool.PoolBase - HikariPool-1 - Failed to validate connection org.postgresql.jdbc.PgConnection@3b42fd66 (This connection has been closed.). Possibly consider using a shorter maxLifetime value.
2026-04-15 05:36:36 [HikariPool-1:housekeeper] WARN  com.zaxxer.hikari.pool.PoolBase - HikariPool-1 - Failed to validate connection org.postgresql.jdbc.PgConnection@741467fa (This connection has been closed.). Possibly consider using a shorter maxLifetime value.
2026-04-15 05:36:36 [HikariPool-1:housekeeper] WARN  com.zaxxer.hikari.pool.PoolBase - HikariPool-1 - Failed to validate connection org.postgresql.jdbc.PgConnection@43d0685c (This connection has been closed.). Possibly consider using a shorter maxLifetime value.
2026-04-15 05:36:36 [HikariPool-1:housekeeper] WARN  com.zaxxer.hikari.pool.PoolBase - HikariPool-1 - Failed to validate connection org.postgresql.jdbc.PgConnection@6f55048d (This connection has been closed.). Possibly consider using a shorter maxLifetime value.
2026-04-15 05:36:36 [HikariPool-1:housekeeper] WARN  com.zaxxer.hikari.pool.PoolBase - HikariPool-1 - Failed to validate connection org.postgresql.jdbc.PgConnection@38a9952a (This connection has been closed.). Possibly consider using a shorter maxLifetime value.
2026-04-15 05:36:36 [HikariPool-1:housekeeper] WARN  com.zaxxer.hikari.pool.HikariPool - HikariPool-1 - Thread starvation or clock leap detected (housekeeper delta=20m35s405ms884µs900ns).
2026-04-15 05:36:36 [HikariPool-1:housekeeper] WARN  com.zaxxer.hikari.pool.PoolBase - HikariPool-1 - Failed to validate connection org.postgresql.jdbc.PgConnection@2f47beec (This connection has been closed.). Possibly consider using a shorter maxLifetime value.
2026-04-15 05:36:36 [HikariPool-1:housekeeper] WARN  com.zaxxer.hikari.pool.PoolBase - HikariPool-1 - Failed to validate connection org.postgresql.jdbc.PgConnection@6f15a1d0 (This connection has been closed.). Possibly consider using a shorter maxLifetime value.
2026-04-15 05:36:36 [HikariPool-1:housekeeper] WARN  com.zaxxer.hikari.pool.PoolBase - HikariPool-1 - Failed to validate connection org.postgresql.jdbc.PgConnection@28a3a1d3 (This connection has been closed.). Possibly consider using a shorter maxLifetime value.
2026-04-15 05:36:36 [HikariPool-1:housekeeper] WARN  com.zaxxer.hikari.pool.PoolBase - HikariPool-1 - Failed to validate connection org.postgresql.jdbc.PgConnection@5c576128 (This connection has been closed.). Possibly consider using a shorter maxLifetime value.
2026-04-15 05:36:36 [HikariPool-1:housekeeper] WARN  com.zaxxer.hikari.pool.PoolBase - HikariPool-1 - Failed to validate connection org.postgresql.jdbc.PgConnection@4ef51490 (This connection has been closed.). Possibly consider using a shorter maxLifetime value.
2026-04-15 05:36:36 [HikariPool-1:housekeeper] WARN  com.zaxxer.hikari.pool.PoolBase - HikariPool-1 - Failed to validate connection org.postgresql.jdbc.PgConnection@cac37bf (This connection has been closed.). Possibly consider using a shorter maxLifetime value.
2026-04-15 05:36:51 [HikariPool-1:connection-adder] WARN  o.postgresql.core.ConnectionFactory - Failed to closed stream with error: {0}
java.net.SocketException: An established connection was aborted by the software in your host machine
	at java.base/sun.nio.ch.NioSocketImpl.implWrite(NioSocketImpl.java:417)
	at java.base/sun.nio.ch.NioSocketImpl.write(NioSocketImpl.java:437)
	at java.base/sun.nio.ch.NioSocketImpl$2.write(NioSocketImpl.java:823)
	at java.base/java.net.Socket$SocketOutputStream.write(Socket.java:1035)
	at java.base/sun.security.ssl.SSLSocketOutputRecord.deliver(SSLSocketOutputRecord.java:345)
	at java.base/sun.security.ssl.SSLSocketImpl$AppOutputStream.write(SSLSocketImpl.java:1303)
	at org.postgresql.util.internal.PgBufferedOutputStream.flushBuffer(PgBufferedOutputStream.java:41)
	at org.postgresql.util.internal.PgBufferedOutputStream.flush(PgBufferedOutputStream.java:48)
	at java.base/java.io.FilterOutputStream.close(FilterOutputStream.java:182)
	at org.postgresql.core.PGStream.close(PGStream.java:737)
	at org.postgresql.core.ConnectionFactory.closeStream(ConnectionFactory.java:92)
	at org.postgresql.core.v3.ConnectionFactoryImpl.tryConnect(ConnectionFactoryImpl.java:238)
	at org.postgresql.core.v3.ConnectionFactoryImpl.openConnectionImpl(ConnectionFactoryImpl.java:289)
	at org.postgresql.core.ConnectionFactory.openConnection(ConnectionFactory.java:57)
	at org.postgresql.jdbc.PgConnection.<init>(PgConnection.java:290)
	at org.postgresql.Driver.makeConnection(Driver.java:448)
	at org.postgresql.Driver.connect(Driver.java:298)
	at com.zaxxer.hikari.util.DriverDataSource.getConnection(DriverDataSource.java:144)
	at com.zaxxer.hikari.pool.PoolBase.newConnection(PoolBase.java:373)
	at com.zaxxer.hikari.pool.PoolBase.newPoolEntry(PoolBase.java:210)
	at com.zaxxer.hikari.pool.HikariPool.createPoolEntry(HikariPool.java:488)
	at com.zaxxer.hikari.pool.HikariPool$PoolEntryCreator.call(HikariPool.java:752)
	at com.zaxxer.hikari.pool.HikariPool$PoolEntryCreator.call(HikariPool.java:731)
	at java.base/java.util.concurrent.FutureTask.run(FutureTask.java:264)
	at java.base/java.util.concurrent.ThreadPoolExecutor.runWorker(ThreadPoolExecutor.java:1136)
	at java.base/java.util.concurrent.ThreadPoolExecutor$Worker.run(ThreadPoolExecutor.java:635)
	at java.base/java.lang.Thread.run(Thread.java:833)
