2026-05-19 00:05:06 [HikariPool-1:housekeeper] WARN  com.zaxxer.hikari.pool.PoolBase - HikariPool-1 - Failed to validate connection org.postgresql.jdbc.PgConnection@41a4d320 (This connection has been closed.). Possibly consider using a shorter maxLifetime value.
2026-05-19 00:05:07 [HikariPool-1:housekeeper] WARN  com.zaxxer.hikari.pool.HikariPool - HikariPool-1 - Thread starvation or clock leap detected (housekeeper delta=1h4m26s474ms).
2026-05-19 00:38:59 [HikariPool-1:housekeeper] WARN  com.zaxxer.hikari.pool.PoolBase - HikariPool-1 - Failed to validate connection org.postgresql.jdbc.PgConnection@1d44ebfe (This connection has been closed.). Possibly consider using a shorter maxLifetime value.
2026-05-19 00:45:04 [HikariPool-1:housekeeper] WARN  com.zaxxer.hikari.pool.PoolBase - HikariPool-1 - Failed to validate connection org.postgresql.jdbc.PgConnection@2edb3e0e (This connection has been closed.). Possibly consider using a shorter maxLifetime value.
2026-05-19 00:45:08 [HikariPool-1:housekeeper] WARN  com.zaxxer.hikari.pool.PoolBase - HikariPool-1 - Failed to validate connection org.postgresql.jdbc.PgConnection@6db6c586 (This connection has been closed.). Possibly consider using a shorter maxLifetime value.
2026-05-19 00:49:09 [HikariPool-1:housekeeper] WARN  com.zaxxer.hikari.pool.PoolBase - HikariPool-1 - Failed to validate connection org.postgresql.jdbc.PgConnection@5717c8d5 (This connection has been closed.). Possibly consider using a shorter maxLifetime value.
2026-05-19 01:01:46 [HikariPool-1:housekeeper] WARN  com.zaxxer.hikari.pool.HikariPool - HikariPool-1 - Thread starvation or clock leap detected (housekeeper delta=56m38s369ms).
2026-05-19 02:20:12 [HikariPool-1:housekeeper] WARN  com.zaxxer.hikari.pool.HikariPool - HikariPool-1 - Thread starvation or clock leap detected (housekeeper delta=1h18m26s254ms).
2026-05-19 02:55:25 [HikariPool-1:housekeeper] WARN  com.zaxxer.hikari.pool.PoolBase - HikariPool-1 - Failed to validate connection org.postgresql.jdbc.PgConnection@2a6a395a (This connection has been closed.). Possibly consider using a shorter maxLifetime value.
2026-05-19 03:00:02 [HikariPool-1:housekeeper] WARN  com.zaxxer.hikari.pool.PoolBase - HikariPool-1 - Failed to validate connection org.postgresql.jdbc.PgConnection@18137cf4 (This connection has been closed.). Possibly consider using a shorter maxLifetime value.
2026-05-19 03:03:44 [HikariPool-1:housekeeper] WARN  com.zaxxer.hikari.pool.PoolBase - HikariPool-1 - Failed to validate connection org.postgresql.jdbc.PgConnection@77f7c37d (This connection has been closed.). Possibly consider using a shorter maxLifetime value.
2026-05-19 03:11:29 [HikariPool-1:housekeeper] WARN  com.zaxxer.hikari.pool.HikariPool - HikariPool-1 - Thread starvation or clock leap detected (housekeeper delta=51m17s716ms).
2026-05-19 03:42:49 [HikariPool-1:housekeeper] WARN  com.zaxxer.hikari.pool.PoolBase - HikariPool-1 - Failed to validate connection org.postgresql.jdbc.PgConnection@273746a2 (This connection has been closed.). Possibly consider using a shorter maxLifetime value.
2026-05-19 03:42:58 [HikariPool-1:housekeeper] WARN  com.zaxxer.hikari.pool.PoolBase - HikariPool-1 - Failed to validate connection org.postgresql.jdbc.PgConnection@6d65a9a2 (This connection has been closed.). Possibly consider using a shorter maxLifetime value.
2026-05-19 03:42:59 [HikariPool-1:housekeeper] WARN  com.zaxxer.hikari.pool.PoolBase - HikariPool-1 - Failed to validate connection org.postgresql.jdbc.PgConnection@189f797e (This connection has been closed.). Possibly consider using a shorter maxLifetime value.
2026-05-19 03:43:05 [HikariPool-1:housekeeper] WARN  com.zaxxer.hikari.pool.PoolBase - HikariPool-1 - Failed to validate connection org.postgresql.jdbc.PgConnection@3f2be30b (This connection has been closed.). Possibly consider using a shorter maxLifetime value.
2026-05-19 04:00:30 [HikariPool-1:housekeeper] WARN  com.zaxxer.hikari.pool.HikariPool - HikariPool-1 - Thread starvation or clock leap detected (housekeeper delta=49m975ms).
2026-05-19 04:00:34 [HikariPool-1:housekeeper] WARN  com.zaxxer.hikari.pool.PoolBase - HikariPool-1 - Failed to validate connection org.postgresql.jdbc.PgConnection@7b2efe5a (This connection has been closed.). Possibly consider using a shorter maxLifetime value.
2026-05-19 04:04:45 [HikariPool-1:housekeeper] WARN  com.zaxxer.hikari.pool.PoolBase - HikariPool-1 - Failed to validate connection org.postgresql.jdbc.PgConnection@78cab76b (This connection has been closed.). Possibly consider using a shorter maxLifetime value.
2026-05-19 04:31:06 [scheduling-1] INFO  c.l.c.scheduler.ProtectionScheduler - Task reminder scheduler triggered
2026-05-19 04:47:39 [HikariPool-1:housekeeper] WARN  com.zaxxer.hikari.pool.HikariPool - HikariPool-1 - Thread starvation or clock leap detected (housekeeper delta=47m8s205ms).
2026-05-19 06:06:15 [HikariPool-1:housekeeper] WARN  com.zaxxer.hikari.pool.HikariPool - HikariPool-1 - Thread starvation or clock leap detected (housekeeper delta=1h18m36s157ms).
2026-05-19 06:06:18 [HikariPool-1:housekeeper] WARN  com.zaxxer.hikari.pool.PoolBase - HikariPool-1 - Failed to validate connection org.postgresql.jdbc.PgConnection@1c42895a (This connection has been closed.). Possibly consider using a shorter maxLifetime value.
2026-05-19 06:06:18 [HikariPool-1:housekeeper] WARN  com.zaxxer.hikari.pool.PoolBase - HikariPool-1 - Failed to validate connection org.postgresql.jdbc.PgConnection@41bc6910 (This connection has been closed.). Possibly consider using a shorter maxLifetime value.
2026-05-19 06:06:19 [HikariPool-1:housekeeper] WARN  com.zaxxer.hikari.pool.PoolBase - HikariPool-1 - Failed to validate connection org.postgresql.jdbc.PgConnection@6ce0ffa3 (This connection has been closed.). Possibly consider using a shorter maxLifetime value.
2026-05-19 06:22:47 [HikariPool-1:housekeeper] WARN  com.zaxxer.hikari.pool.PoolBase - HikariPool-1 - Failed to validate connection org.postgresql.jdbc.PgConnection@64e0a33c (This connection has been closed.). Possibly consider using a shorter maxLifetime value.
2026-05-19 07:23:48 [HikariPool-1:housekeeper] WARN  com.zaxxer.hikari.pool.HikariPool - HikariPool-1 - Thread starvation or clock leap detected (housekeeper delta=1h17m33s141ms).
2026-05-19 07:23:49 [HikariPool-1:housekeeper] WARN  com.zaxxer.hikari.pool.PoolBase - HikariPool-1 - Failed to validate connection org.postgresql.jdbc.PgConnection@6734304e (This connection has been closed.). Possibly consider using a shorter maxLifetime value.
2026-05-19 07:39:52 [HikariPool-1:housekeeper] WARN  com.zaxxer.hikari.pool.PoolBase - HikariPool-1 - Failed to validate connection org.postgresql.jdbc.PgConnection@2e14c3b9 (This connection has been closed.). Possibly consider using a shorter maxLifetime value.
2026-05-19 07:46:16 [HikariPool-1:housekeeper] WARN  com.zaxxer.hikari.pool.PoolBase - HikariPool-1 - Failed to validate connection org.postgresql.jdbc.PgConnection@9fc83fb (This connection has been closed.). Possibly consider using a shorter maxLifetime value.
2026-05-19 08:01:43 [HikariPool-1:housekeeper] WARN  com.zaxxer.hikari.pool.PoolBase - HikariPool-1 - Failed to validate connection org.postgresql.jdbc.PgConnection@55415a26 (This connection has been closed.). Possibly consider using a shorter maxLifetime value.
2026-05-19 08:08:14 [HikariPool-1:housekeeper] WARN  com.zaxxer.hikari.pool.PoolBase - HikariPool-1 - Failed to validate connection org.postgresql.jdbc.PgConnection@7901e0c6 (This connection has been closed.). Possibly consider using a shorter maxLifetime value.
2026-05-19 08:25:21 [HikariPool-1:housekeeper] WARN  com.zaxxer.hikari.pool.HikariPool - HikariPool-1 - Thread starvation or clock leap detected (housekeeper delta=1h1m33s368ms).
2026-05-19 08:25:22 [HikariPool-1:housekeeper] WARN  com.zaxxer.hikari.pool.PoolBase - HikariPool-1 - Failed to validate connection org.postgresql.jdbc.PgConnection@140f5746 (This connection has been closed.). Possibly consider using a shorter maxLifetime value.
2026-05-19 09:42:57 [HikariPool-1:housekeeper] WARN  com.zaxxer.hikari.pool.HikariPool - HikariPool-1 - Thread starvation or clock leap detected (housekeeper delta=1h17m35s224ms).
2026-05-19 10:10:14 [HikariPool-1:housekeeper] WARN  com.zaxxer.hikari.pool.PoolBase - HikariPool-1 - Failed to validate connection org.postgresql.jdbc.PgConnection@14c64c65 (This connection has been closed.). Possibly consider using a shorter maxLifetime value.
2026-05-19 10:10:31 [HikariPool-1:housekeeper] WARN  com.zaxxer.hikari.pool.PoolBase - HikariPool-1 - Failed to validate connection org.postgresql.jdbc.PgConnection@cec479c (This connection has been closed.). Possibly consider using a shorter maxLifetime value.
2026-05-19 10:31:12 [HikariPool-1:housekeeper] WARN  com.zaxxer.hikari.pool.PoolBase - HikariPool-1 - Failed to validate connection org.postgresql.jdbc.PgConnection@2c9a8a74 (This connection has been closed.). Possibly consider using a shorter maxLifetime value.
2026-05-19 10:31:12 [HikariPool-1:housekeeper] WARN  com.zaxxer.hikari.pool.HikariPool - HikariPool-1 - Thread starvation or clock leap detected (housekeeper delta=48m15s34ms).
2026-05-19 10:31:22 [HikariPool-1:housekeeper] WARN  com.zaxxer.hikari.pool.PoolBase - HikariPool-1 - Failed to validate connection org.postgresql.jdbc.PgConnection@1c82dfa1 (This connection has been closed.). Possibly consider using a shorter maxLifetime value.
2026-05-19 10:31:32 [HikariPool-1:housekeeper] WARN  com.zaxxer.hikari.pool.PoolBase - HikariPool-1 - Failed to validate connection org.postgresql.jdbc.PgConnection@243b96a2 (This connection has been closed.). Possibly consider using a shorter maxLifetime value.
2026-05-19 10:31:42 [HikariPool-1:housekeeper] WARN  com.zaxxer.hikari.pool.PoolBase - HikariPool-1 - Failed to validate connection org.postgresql.jdbc.PgConnection@3953e8a4 (This connection has been closed.). Possibly consider using a shorter maxLifetime value.
2026-05-19 10:31:52 [HikariPool-1:housekeeper] WARN  com.zaxxer.hikari.pool.PoolBase - HikariPool-1 - Failed to validate connection org.postgresql.jdbc.PgConnection@4e538e15 (This connection has been closed.). Possibly consider using a shorter maxLifetime value.
2026-05-19 10:32:02 [HikariPool-1:housekeeper] WARN  com.zaxxer.hikari.pool.PoolBase - HikariPool-1 - Failed to validate connection org.postgresql.jdbc.PgConnection@69f1b59b (This connection has been closed.). Possibly consider using a shorter maxLifetime value.
2026-05-19 10:32:02 [HikariPool-1:housekeeper] WARN  com.zaxxer.hikari.pool.HikariPool - HikariPool-1 - Thread starvation or clock leap detected (housekeeper delta=50s523ms).
2026-05-19 10:32:12 [HikariPool-1:housekeeper] WARN  com.zaxxer.hikari.pool.PoolBase - HikariPool-1 - Failed to validate connection org.postgresql.jdbc.PgConnection@21383922 (This connection has been closed.). Possibly consider using a shorter maxLifetime value.
2026-05-19 10:32:22 [HikariPool-1:housekeeper] WARN  com.zaxxer.hikari.pool.PoolBase - HikariPool-1 - Failed to validate connection org.postgresql.jdbc.PgConnection@114ca53 (This connection has been closed.). Possibly consider using a shorter maxLifetime value.
2026-05-19 10:32:49 [HikariPool-1:housekeeper] WARN  com.zaxxer.hikari.pool.PoolBase - HikariPool-1 - Failed to validate connection org.postgresql.jdbc.PgConnection@5b65bd1e (This connection has been closed.). Possibly consider using a shorter maxLifetime value.
